Library/Bee/Android/Prj/IL2CPP/Gradle/launcher/build/intermediates/manifest_merge_blame_file/release/manifest-merger-blame-release-report.txt
1<?xml version="1.0" encoding="utf-8"?>
2<manifest xmlns:android="http://schemas.android.com/apk/res/android"
3    package="com.Interfo.hanurigo2019"
4    android:installLocation="preferExternal"
5    android:versionCode="9"
6    android:versionName="2.0.1" >
7
8    <uses-sdk
9        android:minSdkVersion="25"
9-->src\main\AndroidManifest.xml
10        android:targetSdkVersion="32" />
10-->src\main\AndroidManifest.xml
11
12    <supports-screens
12-->src\main\AndroidManifest.xml:3:3-163
13        android:anyDensity="true"
13-->src\main\AndroidManifest.xml:3:135-160
14        android:largeScreens="true"
14-->src\main\AndroidManifest.xml:3:78-105
15        android:normalScreens="true"
15-->src\main\AndroidManifest.xml:3:49-77
16        android:smallScreens="true"
16-->src\main\AndroidManifest.xml:3:21-48
17        android:xlargeScreens="true" />
17-->src\main\AndroidManifest.xml:3:106-134
18
19    <uses-feature android:glEsVersion="0x00020000" />
19-->[:unityLibrary] AndroidManifest.xml:20:5-54
19-->[:unityLibrary] AndroidManifest.xml:20:19-51
20
21    <uses-permission android:name="android.permission.CAMERA" />
21-->[:unityLibrary] AndroidManifest.xml:22:5-65
21-->[:unityLibrary] AndroidManifest.xml:22:22-62
22    <uses-permission android:name="android.permission.INTERNET" />
22-->[:unityLibrary] AndroidManifest.xml:23:5-67
22-->[:unityLibrary] AndroidManifest.xml:23:22-64
23    <uses-permission android:name="android.permission.CHANGE_WIFI_MULTICAST_STATE" />
23-->[:unityLibrary] AndroidManifest.xml:24:5-86
23-->[:unityLibrary] AndroidManifest.xml:24:22-83
24    <uses-permission android:name="android.permission.ACCESS_FINE_LOCATION" />
24-->[:unityLibrary] AndroidManifest.xml:25:5-79
24-->[:unityLibrary] AndroidManifest.xml:25:22-76
25    <uses-permission android:name="android.permission.ACCESS_COARSE_LOCATION" />
25-->[:unityLibrary] AndroidManifest.xml:26:5-81
25-->[:unityLibrary] AndroidManifest.xml:26:22-78
26
27    <uses-feature
27-->[:unityLibrary] AndroidManifest.xml:28:5-30:36
28        android:name="android.hardware.location.gps"
28-->[:unityLibrary] AndroidManifest.xml:29:9-53
29        android:required="false" />
29-->[:unityLibrary] AndroidManifest.xml:30:9-33
30    <uses-feature
30-->[:unityLibrary] AndroidManifest.xml:31:5-33:36
31        android:name="android.hardware.location"
31-->[:unityLibrary] AndroidManifest.xml:32:9-49
32        android:required="false" />
32-->[:unityLibrary] AndroidManifest.xml:33:9-33
33    <uses-feature
33-->[:unityLibrary] AndroidManifest.xml:34:5-36:36
34        android:name="android.hardware.touchscreen"
34-->[:unityLibrary] AndroidManifest.xml:35:9-52
35        android:required="false" />
35-->[:unityLibrary] AndroidManifest.xml:36:9-33
36    <uses-feature
36-->[:unityLibrary] AndroidManifest.xml:37:5-39:36
37        android:name="android.hardware.touchscreen.multitouch"
37-->[:unityLibrary] AndroidManifest.xml:38:9-63
38        android:required="false" />
38-->[:unityLibrary] AndroidManifest.xml:39:9-33
39    <uses-feature
39-->[:unityLibrary] AndroidManifest.xml:40:5-42:36
40        android:name="android.hardware.touchscreen.multitouch.distinct"
40-->[:unityLibrary] AndroidManifest.xml:41:9-72
41        android:required="false" />
41-->[:unityLibrary] AndroidManifest.xml:42:9-33
42
43    <uses-permission android:name="com.android.vending.BILLING" />
43-->[:billing-4.0.0:] AndroidManifest.xml:10:5-67
43-->[:billing-4.0.0:] AndroidManifest.xml:10:22-64
44    <uses-permission android:name="android.permission.ACCESS_NETWORK_STATE" />
44-->[:com.google.android.gms.play-services-measurement-impl-17.1.0:] AndroidManifest.xml:24:5-79
44-->[:com.google.android.gms.play-services-measurement-impl-17.1.0:] AndroidManifest.xml:24:22-76
45    <uses-permission android:name="android.permission.WAKE_LOCK" />
45-->[:com.google.android.gms.play-services-measurement-impl-17.1.0:] AndroidManifest.xml:25:5-68
45-->[:com.google.android.gms.play-services-measurement-impl-17.1.0:] AndroidManifest.xml:25:22-65
46    <uses-permission android:name="com.google.android.finsky.permission.BIND_GET_INSTALL_REFERRER_SERVICE" /> <!-- Required by older versions of Google Play services to create IID tokens -->
46-->[:com.google.android.gms.play-services-measurement-impl-17.1.0:] AndroidManifest.xml:26:5-110
46-->[:com.google.android.gms.play-services-measurement-impl-17.1.0:] AndroidManifest.xml:26:22-107
47    <uses-permission android:name="com.google.android.c2dm.permission.RECEIVE" />
47-->[:com.google.firebase.firebase-iid-19.0.0:] AndroidManifest.xml:26:5-82
47-->[:com.google.firebase.firebase-iid-19.0.0:] AndroidManifest.xml:26:22-79
48
49    <uses-feature
49-->[:google_ar_required:] AndroidManifest.xml:10:5-86
50        android:name="android.hardware.camera.ar"
50-->[:google_ar_required:] AndroidManifest.xml:10:19-60
51        android:required="true" />
51-->[:google_ar_required:] AndroidManifest.xml:10:61-84
52
53    <queries>
53-->[:com.facebook.android.facebook-common-14.1.1:] AndroidManifest.xml:23:3-25:13
54        <package android:name="com.facebook.katana" />
54-->[:com.facebook.android.facebook-common-14.1.1:] AndroidManifest.xml:24:5-51
54-->[:com.facebook.android.facebook-common-14.1.1:] AndroidManifest.xml:24:14-48
55    </queries>
56
57    <uses-permission android:name="com.google.android.gms.permission.AD_ID" />
57-->[:com.facebook.android.facebook-core-14.1.1:] AndroidManifest.xml:23:3-77
57-->[:com.facebook.android.facebook-core-14.1.1:] AndroidManifest.xml:23:20-74
58
59    <application
59-->src\main\AndroidManifest.xml:4:3-83
60        android:appComponentFactory="androidx.core.app.CoreComponentFactory"
60-->[:androidx.core.core-1.3.2:] AndroidManifest.xml:24:18-86
61        android:extractNativeLibs="true"
61-->[:unityLibrary] AndroidManifest.xml:45:9-41
62        android:icon="@mipmap/app_icon"
62-->src\main\AndroidManifest.xml:4:49-80
63        android:label="@string/app_name"
63-->src\main\AndroidManifest.xml:4:16-48
64        android:supportsRtl="true"
64-->[:com.facebook.android.facebook-share-14.1.1:] AndroidManifest.xml:28:18-44
65        android:theme="@style/UnityThemeSelector"
65-->[:unityLibrary] AndroidManifest.xml:48:9-50
66        android:usesCleartextTraffic="true" >
66-->[:unityLibrary] AndroidManifest.xml:49:9-44
67        <activity
67-->[:unityLibrary] AndroidManifest.xml:50:9-68:20
68            android:name="com.unity3d.player.UnityPlayerActivity"
68-->[:unityLibrary] AndroidManifest.xml:51:13-66
69            android:configChanges="mcc|mnc|locale|touchscreen|keyboard|keyboardHidden|navigation|orientation|screenLayout|uiMode|screenSize|smallestScreenSize|fontScale|layoutDirection|density"
69-->[:unityLibrary] AndroidManifest.xml:52:13-194
70            android:exported="true"
70-->[:unityLibrary] AndroidManifest.xml:53:13-36
71            android:hardwareAccelerated="false"
71-->[:unityLibrary] AndroidManifest.xml:54:13-48
72            android:label="@string/app_name"
72-->[:unityLibrary] AndroidManifest.xml:55:13-45
73            android:launchMode="singleTask"
73-->[:unityLibrary] AndroidManifest.xml:56:13-44
74            android:resizeableActivity="false"
74-->[:unityLibrary] AndroidManifest.xml:57:13-47
75            android:screenOrientation="portrait" >
75-->[:unityLibrary] AndroidManifest.xml:58:13-49
76            <intent-filter>
76-->[:unityLibrary] AndroidManifest.xml:59:13-63:29
77                <action android:name="android.intent.action.MAIN" />
77-->[:unityLibrary] AndroidManifest.xml:60:17-69
77-->[:unityLibrary] AndroidManifest.xml:60:25-66
78
79                <category android:name="android.intent.category.LAUNCHER" />
79-->[:unityLibrary] AndroidManifest.xml:62:17-77
79-->[:unityLibrary] AndroidManifest.xml:62:27-74
80            </intent-filter>
81
82            <meta-data
82-->[:unityLibrary] AndroidManifest.xml:65:13-67:40
83                android:name="unityplayer.UnityActivity"
83-->[:unityLibrary] AndroidManifest.xml:66:17-57
84                android:value="true" />
84-->[:unityLibrary] AndroidManifest.xml:67:17-37
85        </activity>
86        <activity
86-->[:unityLibrary] AndroidManifest.xml:69:9-72:86
87            android:name="com.facebook.unity.FBUnityLoginActivity"
87-->[:unityLibrary] AndroidManifest.xml:70:13-67
88            android:configChanges="fontScale|keyboard|keyboardHidden|locale|mnc|mcc|navigation|orientation|screenLayout|screenSize|smallestScreenSize|uiMode|touchscreen"
88-->[:unityLibrary] AndroidManifest.xml:71:13-170
89            android:theme="@android:style/Theme.Translucent.NoTitleBar.Fullscreen" />
89-->[:unityLibrary] AndroidManifest.xml:72:13-83
90        <activity
90-->[:unityLibrary] AndroidManifest.xml:73:9-76:86
91            android:name="com.facebook.unity.FBUnityDialogsActivity"
91-->[:unityLibrary] AndroidManifest.xml:74:13-69
92            android:configChanges="fontScale|keyboard|keyboardHidden|locale|mnc|mcc|navigation|orientation|screenLayout|screenSize|smallestScreenSize|uiMode|touchscreen"
92-->[:unityLibrary] AndroidManifest.xml:75:13-170
93            android:theme="@android:style/Theme.Translucent.NoTitleBar.Fullscreen" />
93-->[:unityLibrary] AndroidManifest.xml:76:13-83
94        <activity
94-->[:unityLibrary] AndroidManifest.xml:77:9-79:39
95            android:name="com.facebook.unity.FBUnityAppLinkActivity"
95-->[:unityLibrary] AndroidManifest.xml:78:13-69
96            android:exported="true" />
96-->[:unityLibrary] AndroidManifest.xml:79:13-36
97        <activity
97-->[:unityLibrary] AndroidManifest.xml:80:9-82:39
98            android:name="com.facebook.unity.FBUnityDeepLinkingActivity"
98-->[:unityLibrary] AndroidManifest.xml:81:13-73
99            android:exported="true" />
99-->[:unityLibrary] AndroidManifest.xml:82:13-36
100        <activity android:name="com.facebook.unity.FBUnityGameRequestActivity" />
100-->[:unityLibrary] AndroidManifest.xml:83:9-82
100-->[:unityLibrary] AndroidManifest.xml:83:19-79
101        <activity android:name="com.facebook.unity.FBUnityCreateGameGroupActivity" />
101-->[:unityLibrary] AndroidManifest.xml:84:9-86
101-->[:unityLibrary] AndroidManifest.xml:84:19-83
102        <activity android:name="com.facebook.unity.FBUnityJoinGameGroupActivity" />
102-->[:unityLibrary] AndroidManifest.xml:85:9-84
102-->[:unityLibrary] AndroidManifest.xml:85:19-81
103
104        <meta-data
104-->[:unityLibrary] AndroidManifest.xml:87:9-89:49
105            android:name="com.facebook.sdk.ApplicationId"
105-->[:unityLibrary] AndroidManifest.xml:88:13-58
106            android:value="fb364545104188167" />
106-->[:unityLibrary] AndroidManifest.xml:89:13-46
107        <meta-data
107-->[:unityLibrary] AndroidManifest.xml:90:9-92:36
108            android:name="com.facebook.sdk.AutoLogAppEventsEnabled"
108-->[:unityLibrary] AndroidManifest.xml:91:13-68
109            android:value="true" />
109-->[:unityLibrary] AndroidManifest.xml:92:13-33
110        <meta-data
110-->[:unityLibrary] AndroidManifest.xml:93:9-95:36
111            android:name="com.facebook.sdk.AdvertiserIDCollectionEnabled"
111-->[:unityLibrary] AndroidManifest.xml:94:13-74
112            android:value="true" />
112-->[:unityLibrary] AndroidManifest.xml:95:13-33
113
114        <provider
114-->[:unityLibrary] AndroidManifest.xml:97:9-100:39
115            android:name="com.facebook.FacebookContentProvider"
115-->[:unityLibrary] AndroidManifest.xml:98:13-64
116            android:authorities="com.facebook.app.FacebookContentProvider364545104188167"
116-->[:unityLibrary] AndroidManifest.xml:99:13-90
117            android:exported="true" />
117-->[:unityLibrary] AndroidManifest.xml:100:13-36
118
119        <meta-data
119-->[:unityLibrary] AndroidManifest.xml:102:9-104:36
120            android:name="unity.arcore-enable"
120-->[:unityLibrary] AndroidManifest.xml:103:13-47
121            android:value="True" />
121-->[:unityLibrary] AndroidManifest.xml:104:13-33
122        <meta-data
122-->[:unityLibrary] AndroidManifest.xml:105:9-107:36
123            android:name="unityplayer.SkipPermissionsDialog"
123-->[:unityLibrary] AndroidManifest.xml:106:13-61
124            android:value="true" />
124-->[:unityLibrary] AndroidManifest.xml:107:13-33
125        <meta-data
125-->[:unityLibrary] AndroidManifest.xml:108:9-110:33
126            android:name="unity.splash-mode"
126-->[:unityLibrary] AndroidManifest.xml:109:13-45
127            android:value="0" />
127-->[:unityLibrary] AndroidManifest.xml:110:13-30
128        <meta-data
128-->[:unityLibrary] AndroidManifest.xml:111:9-113:36
129            android:name="unity.splash-enable"
129-->[:unityLibrary] AndroidManifest.xml:112:13-47
130            android:value="True" />
130-->[:unityLibrary] AndroidManifest.xml:113:13-33
131        <meta-data
131-->[:unityLibrary] AndroidManifest.xml:114:9-116:36
132            android:name="unity.launch-fullscreen"
132-->[:unityLibrary] AndroidManifest.xml:115:13-51
133            android:value="True" />
133-->[:unityLibrary] AndroidManifest.xml:116:13-33
134        <meta-data
134-->[:unityLibrary] AndroidManifest.xml:117:9-119:37
135            android:name="unity.allow-resizable-window"
135-->[:unityLibrary] AndroidManifest.xml:118:13-56
136            android:value="False" />
136-->[:unityLibrary] AndroidManifest.xml:119:13-34
137
138        <provider
138-->[:com.google.firebase.firebase-common-19.0.0:] AndroidManifest.xml:7:5-199
139            android:name="com.google.firebase.provider.FirebaseInitProvider"
139-->[:com.google.firebase.firebase-common-19.0.0:] AndroidManifest.xml:7:15-79
140            android:authorities="com.Interfo.hanurigo2019.firebaseinitprovider"
140-->[:com.google.firebase.firebase-common-19.0.0:] AndroidManifest.xml:7:80-147
141            android:exported="false"
141-->[:com.google.firebase.firebase-common-19.0.0:] AndroidManifest.xml:7:148-172
142            android:initOrder="100" />
142-->[:com.google.firebase.firebase-common-19.0.0:] AndroidManifest.xml:7:173-196
143
144        <meta-data
144-->[:billing-4.0.0:] AndroidManifest.xml:13:9-15:37
145            android:name="com.google.android.play.billingclient.version"
145-->[:billing-4.0.0:] AndroidManifest.xml:14:13-73
146            android:value="4.0.0" />
146-->[:billing-4.0.0:] AndroidManifest.xml:15:13-34
147
148        <activity
148-->[:billing-4.0.0:] AndroidManifest.xml:17:9-21:75
149            android:name="com.android.billingclient.api.ProxyBillingActivity"
149-->[:billing-4.0.0:] AndroidManifest.xml:18:13-78
150            android:configChanges="keyboard|keyboardHidden|screenLayout|screenSize|orientation"
150-->[:billing-4.0.0:] AndroidManifest.xml:19:13-96
151            android:exported="false"
151-->[:billing-4.0.0:] AndroidManifest.xml:20:13-37
152            android:theme="@android:style/Theme.Translucent.NoTitleBar" />
152-->[:billing-4.0.0:] AndroidManifest.xml:21:13-72
153
154        <receiver
154-->[:com.google.android.gms.play-services-measurement-impl-17.1.0:] AndroidManifest.xml:29:9-37:20
155            android:name="com.google.android.gms.measurement.AppMeasurementInstallReferrerReceiver"
155-->[:com.google.android.gms.play-services-measurement-impl-17.1.0:] AndroidManifest.xml:30:13-100
156            android:enabled="true"
156-->[:com.google.android.gms.play-services-measurement-impl-17.1.0:] AndroidManifest.xml:31:13-35
157            android:exported="true"
157-->[:com.google.android.gms.play-services-measurement-impl-17.1.0:] AndroidManifest.xml:32:13-36
158            android:permission="android.permission.INSTALL_PACKAGES" >
158-->[:com.google.android.gms.play-services-measurement-impl-17.1.0:] AndroidManifest.xml:33:13-69
159            <intent-filter>
159-->[:com.google.android.gms.play-services-measurement-impl-17.1.0:] AndroidManifest.xml:34:13-36:29
160                <action android:name="com.android.vending.INSTALL_REFERRER" />
160-->[:com.google.android.gms.play-services-measurement-impl-17.1.0:] AndroidManifest.xml:35:17-79
160-->[:com.google.android.gms.play-services-measurement-impl-17.1.0:] AndroidManifest.xml:35:25-76
161            </intent-filter>
162        </receiver>
163
164        <activity
164-->[:com.google.firebase.firebase-auth-19.0.0:] AndroidManifest.xml:24:9-31:50
165            android:name="com.google.firebase.auth.internal.FederatedSignInActivity"
165-->[:com.google.firebase.firebase-auth-19.0.0:] AndroidManifest.xml:25:13-85
166            android:excludeFromRecents="true"
166-->[:com.google.firebase.firebase-auth-19.0.0:] AndroidManifest.xml:26:13-46
167            android:exported="true"
167-->[:com.google.firebase.firebase-auth-19.0.0:] AndroidManifest.xml:27:13-36
168            android:launchMode="singleTask"
168-->[:com.google.firebase.firebase-auth-19.0.0:] AndroidManifest.xml:28:13-44
169            android:permission="com.google.firebase.auth.api.gms.permission.LAUNCH_FEDERATED_SIGN_IN"
169-->[:com.google.firebase.firebase-auth-19.0.0:] AndroidManifest.xml:29:13-102
170            android:theme="@android:style/Theme.Translucent.NoTitleBar" />
170-->[:com.google.firebase.firebase-auth-19.0.0:] AndroidManifest.xml:30:13-72
171
172        <service
172-->[:com.google.firebase.firebase-auth-19.0.0:] AndroidManifest.xml:33:9-39:19
173            android:name="com.google.firebase.components.ComponentDiscoveryService"
173-->[:com.google.firebase.firebase-auth-19.0.0:] AndroidManifest.xml:34:13-84
174            android:exported="false" >
174-->[:com.google.firebase.firebase-auth-19.0.0:] AndroidManifest.xml:35:13-37
175            <meta-data
175-->[:com.google.firebase.firebase-auth-19.0.0:] AndroidManifest.xml:36:13-38:85
176                android:name="com.google.firebase.components:com.google.firebase.auth.FirebaseAuthRegistrar"
176-->[:com.google.firebase.firebase-auth-19.0.0:] AndroidManifest.xml:37:17-109
177                android:value="com.google.firebase.components.ComponentRegistrar" />
177-->[:com.google.firebase.firebase-auth-19.0.0:] AndroidManifest.xml:38:17-82
178            <meta-data
178-->[:com.google.android.gms.play-services-measurement-api-17.1.0:] AndroidManifest.xml:30:13-32:85
179                android:name="com.google.firebase.components:com.google.firebase.analytics.connector.internal.AnalyticsConnectorRegistrar"
179-->[:com.google.android.gms.play-services-measurement-api-17.1.0:] AndroidManifest.xml:31:17-139
180                android:value="com.google.firebase.components.ComponentRegistrar" />
180-->[:com.google.android.gms.play-services-measurement-api-17.1.0:] AndroidManifest.xml:32:17-82
181            <meta-data
181-->[:com.google.firebase.firebase-iid-19.0.0:] AndroidManifest.xml:32:13-34:85
182                android:name="com.google.firebase.components:com.google.firebase.iid.Registrar"
182-->[:com.google.firebase.firebase-iid-19.0.0:] AndroidManifest.xml:33:17-96
183                android:value="com.google.firebase.components.ComponentRegistrar" />
183-->[:com.google.firebase.firebase-iid-19.0.0:] AndroidManifest.xml:34:17-82
184        </service>
185
186        <activity
186-->[:com.google.android.gms.play-services-base-17.1.0:] AndroidManifest.xml:23:9-26:75
187            android:name="com.google.android.gms.common.api.GoogleApiActivity"
187-->[:com.google.android.gms.play-services-base-17.1.0:] AndroidManifest.xml:24:13-79
188            android:exported="false"
188-->[:com.google.android.gms.play-services-base-17.1.0:] AndroidManifest.xml:25:13-37
189            android:theme="@android:style/Theme.Translucent.NoTitleBar" />
189-->[:com.google.android.gms.play-services-base-17.1.0:] AndroidManifest.xml:26:13-72
190
191        <receiver
191-->[:com.google.firebase.firebase-iid-19.0.0:] AndroidManifest.xml:37:9-44:20
192            android:name="com.google.firebase.iid.FirebaseInstanceIdReceiver"
192-->[:com.google.firebase.firebase-iid-19.0.0:] AndroidManifest.xml:38:13-78
193            android:exported="true"
193-->[:com.google.firebase.firebase-iid-19.0.0:] AndroidManifest.xml:39:13-36
194            android:permission="com.google.android.c2dm.permission.SEND" >
194-->[:com.google.firebase.firebase-iid-19.0.0:] AndroidManifest.xml:40:13-73
195            <intent-filter>
195-->[:com.google.firebase.firebase-iid-19.0.0:] AndroidManifest.xml:41:13-43:29
196                <action android:name="com.google.android.c2dm.intent.RECEIVE" />
196-->[:com.google.firebase.firebase-iid-19.0.0:] AndroidManifest.xml:42:17-81
196-->[:com.google.firebase.firebase-iid-19.0.0:] AndroidManifest.xml:42:25-78
197            </intent-filter>
198        </receiver>
199
200        <meta-data
200-->[:google_ar_required:] AndroidManifest.xml:8:9-81
201            android:name="com.google.ar.core"
201-->[:google_ar_required:] AndroidManifest.xml:8:20-53
202            android:value="required" />
202-->[:google_ar_required:] AndroidManifest.xml:8:54-78
203
204        <activity
204-->[:com.facebook.android.facebook-common-14.1.1:] AndroidManifest.xml:27:5-197
205            android:name="com.facebook.FacebookActivity"
205-->[:com.facebook.android.facebook-common-14.1.1:] AndroidManifest.xml:27:15-59
206            android:configChanges="keyboard|keyboardHidden|screenLayout|screenSize|orientation"
206-->[:com.facebook.android.facebook-common-14.1.1:] AndroidManifest.xml:27:60-143
207            android:theme="@style/com_facebook_activity_theme" />
207-->[:com.facebook.android.facebook-common-14.1.1:] AndroidManifest.xml:27:144-194
208        <activity android:name="com.facebook.CustomTabMainActivity" />
208-->[:com.facebook.android.facebook-common-14.1.1:] AndroidManifest.xml:28:5-67
208-->[:com.facebook.android.facebook-common-14.1.1:] AndroidManifest.xml:28:15-64
209        <activity
209-->[:com.facebook.android.facebook-common-14.1.1:] AndroidManifest.xml:29:5-36:16
210            android:name="com.facebook.CustomTabActivity"
210-->[:com.facebook.android.facebook-common-14.1.1:] AndroidManifest.xml:29:15-60
211            android:exported="true" >
211-->[:com.facebook.android.facebook-common-14.1.1:] AndroidManifest.xml:29:61-84
212            <intent-filter>
212-->[:com.facebook.android.facebook-common-14.1.1:] AndroidManifest.xml:30:7-35:23
213                <action android:name="android.intent.action.VIEW" />
213-->[:com.facebook.android.facebook-common-14.1.1:] AndroidManifest.xml:31:9-61
213-->[:com.facebook.android.facebook-common-14.1.1:] AndroidManifest.xml:31:17-58
214
215                <category android:name="android.intent.category.DEFAULT" />
215-->[:com.facebook.android.facebook-common-14.1.1:] AndroidManifest.xml:32:9-68
215-->[:com.facebook.android.facebook-common-14.1.1:] AndroidManifest.xml:32:19-65
216                <category android:name="android.intent.category.BROWSABLE" />
216-->[:com.facebook.android.facebook-common-14.1.1:] AndroidManifest.xml:33:9-70
216-->[:com.facebook.android.facebook-common-14.1.1:] AndroidManifest.xml:33:19-67
217
218                <data
218-->[:com.facebook.android.facebook-common-14.1.1:] AndroidManifest.xml:34:9-88
219                    android:host="cct.com.Interfo.hanurigo2019"
219-->[:com.facebook.android.facebook-common-14.1.1:] AndroidManifest.xml:34:15-58
220                    android:scheme="fbconnect" />
220-->[:com.facebook.android.facebook-common-14.1.1:] AndroidManifest.xml:34:59-85
221            </intent-filter>
222        </activity>
223        <!--
224         The initialization ContentProvider will call FacebookSdk.sdkInitialize automatically
225         with the application context. This config is merged in with the host app's manifest,
226         but there can only be one provider with the same authority activated at any given
227         point; so if the end user has two or more different apps that use Facebook SDK, only the
228         first one will be able to use the provider. To work around this problem, we use the
229         following placeholder in the authority to identify each host application as if it was
230         a completely different provider.
231        -->
232        <provider
232-->[:com.facebook.android.facebook-core-14.1.1:] AndroidManifest.xml:34:5-168
233            android:name="com.facebook.internal.FacebookInitProvider"
233-->[:com.facebook.android.facebook-core-14.1.1:] AndroidManifest.xml:34:15-72
234            android:authorities="com.Interfo.hanurigo2019.FacebookInitProvider"
234-->[:com.facebook.android.facebook-core-14.1.1:] AndroidManifest.xml:34:73-140
235            android:exported="false" />
235-->[:com.facebook.android.facebook-core-14.1.1:] AndroidManifest.xml:34:141-165
236
237        <receiver
237-->[:com.facebook.android.facebook-core-14.1.1:] AndroidManifest.xml:35:5-39:16
238            android:name="com.facebook.CurrentAccessTokenExpirationBroadcastReceiver"
238-->[:com.facebook.android.facebook-core-14.1.1:] AndroidManifest.xml:35:15-88
239            android:exported="false" >
239-->[:com.facebook.android.facebook-core-14.1.1:] AndroidManifest.xml:35:89-113
240            <intent-filter>
240-->[:com.facebook.android.facebook-core-14.1.1:] AndroidManifest.xml:36:7-38:23
241                <action android:name="com.facebook.sdk.ACTION_CURRENT_ACCESS_TOKEN_CHANGED" />
241-->[:com.facebook.android.facebook-core-14.1.1:] AndroidManifest.xml:37:9-87
241-->[:com.facebook.android.facebook-core-14.1.1:] AndroidManifest.xml:37:17-84
242            </intent-filter>
243        </receiver>
244        <receiver
244-->[:com.facebook.android.facebook-core-14.1.1:] AndroidManifest.xml:40:5-44:16
245            android:name="com.facebook.AuthenticationTokenManager$CurrentAuthenticationTokenChangedBroadcastReceiver"
245-->[:com.facebook.android.facebook-core-14.1.1:] AndroidManifest.xml:40:15-120
246            android:exported="false" >
246-->[:com.facebook.android.facebook-core-14.1.1:] AndroidManifest.xml:40:121-145
247            <intent-filter>
247-->[:com.facebook.android.facebook-core-14.1.1:] AndroidManifest.xml:41:7-43:23
248                <action android:name="com.facebook.sdk.ACTION_CURRENT_AUTHENTICATION_TOKEN_CHANGED" />
248-->[:com.facebook.android.facebook-core-14.1.1:] AndroidManifest.xml:42:9-95
248-->[:com.facebook.android.facebook-core-14.1.1:] AndroidManifest.xml:42:17-92
249            </intent-filter>
250        </receiver>
251        <receiver
251-->[:com.google.android.gms.play-services-measurement-17.1.0:] AndroidManifest.xml:29:9-33:20
252            android:name="com.google.android.gms.measurement.AppMeasurementReceiver"
252-->[:com.google.android.gms.play-services-measurement-17.1.0:] AndroidManifest.xml:30:13-85
253            android:enabled="true"
253-->[:com.google.android.gms.play-services-measurement-17.1.0:] AndroidManifest.xml:31:13-35
254            android:exported="false" >
254-->[:com.google.android.gms.play-services-measurement-17.1.0:] AndroidManifest.xml:32:13-37
255        </receiver>
256
257        <service
257-->[:com.google.android.gms.play-services-measurement-17.1.0:] AndroidManifest.xml:44:9-47:40
258            android:name="com.google.android.gms.measurement.AppMeasurementService"
258-->[:com.google.android.gms.play-services-measurement-17.1.0:] AndroidManifest.xml:45:13-84
259            android:enabled="true"
259-->[:com.google.android.gms.play-services-measurement-17.1.0:] AndroidManifest.xml:46:13-35
260            android:exported="false" />
260-->[:com.google.android.gms.play-services-measurement-17.1.0:] AndroidManifest.xml:47:13-37
261        <service
261-->[:com.google.android.gms.play-services-measurement-17.1.0:] AndroidManifest.xml:48:9-52:72
262            android:name="com.google.android.gms.measurement.AppMeasurementJobService"
262-->[:com.google.android.gms.play-services-measurement-17.1.0:] AndroidManifest.xml:49:13-87
263            android:enabled="true"
263-->[:com.google.android.gms.play-services-measurement-17.1.0:] AndroidManifest.xml:50:13-35
264            android:exported="false"
264-->[:com.google.android.gms.play-services-measurement-17.1.0:] AndroidManifest.xml:51:13-37
265            android:permission="android.permission.BIND_JOB_SERVICE" />
265-->[:com.google.android.gms.play-services-measurement-17.1.0:] AndroidManifest.xml:52:13-69
266
267        <meta-data
267-->[:com.google.android.gms.play-services-basement-17.0.0:] AndroidManifest.xml:23:9-25:69
268            android:name="com.google.android.gms.version"
268-->[:com.google.android.gms.play-services-basement-17.0.0:] AndroidManifest.xml:24:13-58
269            android:value="@integer/google_play_services_version" /> <!-- The minimal version code of ARCore APK required for an app using this SDK. -->
269-->[:com.google.android.gms.play-services-basement-17.0.0:] AndroidManifest.xml:25:13-66
270        <meta-data
270-->[:arcore_client:] AndroidManifest.xml:33:9-35:41
271            android:name="com.google.ar.core.min_apk_version"
271-->[:arcore_client:] AndroidManifest.xml:34:13-62
272            android:value="190310000" /> <!-- This activity is critical for installing ARCore when it is not already present. -->
272-->[:arcore_client:] AndroidManifest.xml:35:13-38
273        <activity
273-->[:arcore_client:] AndroidManifest.xml:37:9-43:80
274            android:name="com.google.ar.core.InstallActivity"
274-->[:arcore_client:] AndroidManifest.xml:38:13-62
275            android:configChanges="keyboardHidden|orientation|screenSize"
275-->[:arcore_client:] AndroidManifest.xml:39:13-74
276            android:excludeFromRecents="true"
276-->[:arcore_client:] AndroidManifest.xml:40:13-46
277            android:exported="false"
277-->[:arcore_client:] AndroidManifest.xml:41:13-37
278            android:launchMode="singleTop"
278-->[:arcore_client:] AndroidManifest.xml:42:13-43
279            android:theme="@android:style/Theme.Material.Light.Dialog.Alert" />
279-->[:arcore_client:] AndroidManifest.xml:43:13-77
280    </application>
281
282</manifest>